[
  {
    "RecordId": "SYS-001",
    "UtcTime": "2026-09-23T08:01:00Z",
    "Computer": "SYN-WIN-04",
    "EventID": 1,
    "Image": "C:\\Windows\\System32\\notepad.exe",
    "ParentImage": "C:\\Windows\\explorer.exe",
    "CommandLine": "notepad.exe",
    "User": "SYNTH\\lee",
    "LogonId": "0x100",
    "ProcessGuid": "{0e5292e4-34fa-5070-982b-267998326b0d}",
    "DestinationIp": "",
    "DestinationPort": "",
    "TargetObject": "",
    "Details": "",
    "EventType": ""
  },
  {
    "RecordId": "SYS-002",
    "UtcTime": "2026-09-23T08:06:00Z",
    "Computer": "SYN-WIN-04",
    "EventID": 1,
    "Image": "C:\\Windows\\System32\\WindowsPowerShell\\v1.0\\powershell.exe",
    "ParentImage": "C:\\Windows\\explorer.exe",
    "CommandLine": "powershell.exe -NoProfile -File C:\\Approved\\inventory.ps1",
    "User": "SYNTH\\ops.admin",
    "LogonId": "0x110",
    "ProcessGuid": "{bc6e4059-249d-5470-b0fa-7bac22c6eb83}",
    "DestinationIp": "",
    "DestinationPort": "",
    "TargetObject": "",
    "Details": "",
    "EventType": ""
  },
  {
    "RecordId": "SYS-003",
    "UtcTime": "2026-09-23T08:07:00Z",
    "Computer": "SYN-WIN-04",
    "EventID": 13,
    "Image": "C:\\Program Files\\ExampleVendor\\setup.exe",
    "ParentImage": "",
    "CommandLine": "",
    "User": "SYNTH\\lee",
    "LogonId": "",
    "ProcessGuid": "{4994d548-8288-56eb-bc02-a6b47d05cc96}",
    "DestinationIp": "",
    "DestinationPort": "",
    "TargetObject": "HKLM\\SOFTWARE\\Microsoft\\Windows\\CurrentVersion\\Run\\ExampleUpdater",
    "Details": "\"C:\\Program Files\\ExampleVendor\\updater.exe\"",
    "EventType": "SetValue"
  },
  {
    "RecordId": "SYS-004",
    "UtcTime": "2026-09-23T08:08:00Z",
    "Computer": "SYN-WIN-04",
    "EventID": 1,
    "Image": "C:\\Windows\\System32\\WindowsPowerShell\\v1.0\\powershell.exe",
    "ParentImage": "C:\\Program Files\\Microsoft Office\\root\\Office16\\WINWORD.EXE",
    "CommandLine": "powershell.exe -NoProfile -Command Get-Date",
    "User": "SYNTH\\lee",
    "LogonId": "0x100",
    "ProcessGuid": "{c1082e48-7da5-5d74-a0a5-9a566d50689b}",
    "DestinationIp": "",
    "DestinationPort": "",
    "TargetObject": "",
    "Details": "",
    "EventType": ""
  },
  {
    "RecordId": "SYS-005",
    "UtcTime": "2026-09-23T09:02:00Z",
    "Computer": "SYN-WIN-04",
    "EventID": 1,
    "Image": "C:\\Windows\\System32\\WindowsPowerShell\\v1.0\\powershell.exe",
    "ParentImage": "C:\\Program Files\\Microsoft Office\\root\\Office16\\WINWORD.EXE",
    "CommandLine": "powershell.exe -NoProfile -WindowStyle Hidden -EncodedCommand VwByAGkAdABlAC0ATwB1AHQAcAB1AHQAIAAiAHMAeQBuAHQAaABlAHQAaQBjACIAOwAgACQAbgB1AGwAbAAgAD0AIABUAGUAcwB0AC0ATgBlAHQAQwBvAG4AbgBlAGMAdABpAG8AbgAgAC0AQwBvAG0AcAB1AHQAZQByAE4AYQBtAGUAIAAyADAAMwAuADAALgAxADEAMwAuADgAMAAgAC0AUABvAHIAdAAgADQANAAzADsAIABOAGUAdwAtAEkAdABlAG0AUAByAG8AcABlAHIAdAB5ACAALQBQAGEAdABoACAAIgBIAEsAQwBVADoAXABTAG8AZgB0AHcAYQByAGUAXABNAGkAYwByAG8AcwBvAGYAdABcAFcAaQBuAGQAbwB3AHMAXABDAHUAcgByAGUAbgB0AFYAZQByAHMAaQBvAG4AXABSAHUAbgAiACAALQBOAGEAbQBlACAATABhAGIAVQBwAGQAYQB0AGUAcgAgAC0AVgBhAGwAdQBlACAAIgBDADoAXABVAHMAZQByAHMAXABQAHUAYgBsAGkAYwBcAGwAYQBiAC0AdQBwAGQAYQB0AGUAcgAuAGUAeABlACIAIAAtAFAAcgBvAHAAZQByAHQAeQBUAHkAcABlACAAUwB0AHIAaQBuAGcA",
    "User": "SYNTH\\ops.admin",
    "LogonId": "0x900",
    "ProcessGuid": "{c5871ac8-d6fd-52db-88e2-9ecd357ed841}",
    "DestinationIp": "",
    "DestinationPort": "",
    "TargetObject": "",
    "Details": "",
    "EventType": ""
  },
  {
    "RecordId": "SYS-006",
    "UtcTime": "2026-09-23T09:02:05Z",
    "Computer": "SYN-WIN-04",
    "EventID": 3,
    "Image": "C:\\Windows\\System32\\WindowsPowerShell\\v1.0\\powershell.exe",
    "ParentImage": "",
    "CommandLine": "",
    "User": "SYNTH\\ops.admin",
    "LogonId": "",
    "ProcessGuid": "{c5871ac8-d6fd-52db-88e2-9ecd357ed841}",
    "DestinationIp": "203.0.113.80",
    "DestinationPort": 443,
    "TargetObject": "",
    "Details": "",
    "EventType": ""
  },
  {
    "RecordId": "SYS-007",
    "UtcTime": "2026-09-23T09:02:30Z",
    "Computer": "SYN-WIN-04",
    "EventID": 13,
    "Image": "C:\\Windows\\System32\\WindowsPowerShell\\v1.0\\powershell.exe",
    "ParentImage": "",
    "CommandLine": "",
    "User": "SYNTH\\ops.admin",
    "LogonId": "",
    "ProcessGuid": "{c5871ac8-d6fd-52db-88e2-9ecd357ed841}",
    "DestinationIp": "",
    "DestinationPort": "",
    "TargetObject": "HKU\\S-1-5-21-111111111-222222222-333333333-1104\\Software\\Microsoft\\Windows\\CurrentVersion\\Run\\LabUpdater",
    "Details": "C:\\Users\\Public\\lab-updater.exe",
    "EventType": "SetValue"
  },
  {
    "RecordId": "SYS-008",
    "UtcTime": "2026-09-23T09:04:00Z",
    "Computer": "SYN-WIN-04",
    "EventID": 13,
    "Image": "C:\\Windows\\System32\\WindowsPowerShell\\v1.0\\powershell.exe",
    "ParentImage": "",
    "CommandLine": "",
    "User": "SYNTH\\ops.admin",
    "LogonId": "",
    "ProcessGuid": "{4341eecb-48c4-5227-8447-c249758483d0}",
    "DestinationIp": "",
    "DestinationPort": "",
    "TargetObject": "HKLM\\SOFTWARE\\ExampleVendor\\Settings\\CachePath",
    "Details": "C:\\Users\\Public\\cache",
    "EventType": "SetValue"
  },
  {
    "RecordId": "SYS-009",
    "UtcTime": "2026-09-23T09:06:00Z",
    "Computer": "SYN-WIN-04",
    "EventID": 1,
    "Image": "C:\\Windows\\System32\\WindowsPowerShell\\v1.0\\powershell.exe",
    "ParentImage": "C:\\Windows\\System32\\taskeng.exe",
    "CommandLine": "powershell.exe -EncodedCommand VwByAGkAdABlAC0ATwB1AHQAcAB1AHQAIAAnAHMAeQBuAHQAaABlAHQAaQBjACcA",
    "User": "SYNTH\\ops.admin",
    "LogonId": "0x110",
    "ProcessGuid": "{be90280d-5e79-59d1-ac98-6d4ff320b52e}",
    "DestinationIp": "",
    "DestinationPort": "",
    "TargetObject": "",
    "Details": "",
    "EventType": ""
  },
  {
    "RecordId": "SYS-010",
    "UtcTime": "2026-09-23T09:07:00Z",
    "Computer": "SYN-WIN-04",
    "EventID": 3,
    "Image": "C:\\Program Files\\ExampleBrowser\\browser.exe",
    "ParentImage": "",
    "CommandLine": "",
    "User": "SYNTH\\lee",
    "LogonId": "",
    "ProcessGuid": "{83662a2a-8aeb-5bc1-8eb9-132c9400b8ad}",
    "DestinationIp": "203.0.113.81",
    "DestinationPort": 443,
    "TargetObject": "",
    "Details": "",
    "EventType": ""
  }
]
